{"/Users/sergiut/Desktop/Websites/test-14/backend/src/app.js": {"path":"/Users/sergiut/Desktop/Websites/test-14/backend/src/app.js","statementMap":{"0":{"start":{"line":1,"column":16},"end":{"line":1,"column":34}},"1":{"start":{"line":2,"column":13},"end":{"line":2,"column":28}},"2":{"start":{"line":3,"column":20},"end":{"line":3,"column":45}},"3":{"start":{"line":4,"column":20},"end":{"line":4,"column":45}},"4":{"start":{"line":5,"column":26},"end":{"line":5,"column":56}},"5":{"start":{"line":9,"column":12},"end":{"line":9,"column":21}},"6":{"start":{"line":11,"column":0},"end":{"line":11,"column":86}},"7":{"start":{"line":12,"column":0},"end":{"line":12,"column":24}},"8":{"start":{"line":14,"column":0},"end":{"line":14,"column":23}},"9":{"start":{"line":16,"column":0},"end":{"line":16,"column":35}},"10":{"start":{"line":17,"column":0},"end":{"line":17,"column":35}},"11":{"start":{"line":19,"column":0},"end":{"line":19,"column":21}}},"fnMap":{},"branchMap":{},"s":{"0":2,"1":2,"2":2,"3":2,"4":2,"5":2,"6":2,"7":2,"8":2,"9":2,"10":2,"11":2},"f":{},"b":{},"_coverageSchema":"1a1c01bbd47fc00a2c39e90264f33305004495a9","hash":"dc9a2244af359a401d92d288f4feb9ca6ee6032f"}
,"/Users/sergiut/Desktop/Websites/test-14/backend/src/middleware/logger.js": {"path":"/Users/sergiut/Desktop/Websites/test-14/backend/src/middleware/logger.js","statementMap":{"0":{"start":{"line":1,"column":13},"end":{"line":1,"column":28}},"1":{"start":{"line":2,"column":17},"end":{"line":2,"column":37}},"2":{"start":{"line":5,"column":15},"end":{"line":15,"column":2}},"3":{"start":{"line":18,"column":22},"end":{"line":32,"column":2}},"4":{"start":{"line":21,"column":26},"end":{"line":21,"column":92}},"5":{"start":{"line":24,"column":6},"end":{"line":29,"column":8}},"6":{"start":{"line":34,"column":0},"end":{"line":34,"column":43}}},"fnMap":{"0":{"name":"(anonymous_0)","decl":{"start":{"line":21,"column":12},"end":{"line":21,"column":13}},"loc":{"start":{"line":21,"column":26},"end":{"line":21,"column":92}},"line":21},"1":{"name":"(anonymous_1)","decl":{"start":{"line":23,"column":4},"end":{"line":23,"column":5}},"loc":{"start":{"line":23,"column":13},"end":{"line":30,"column":5}},"line":23}},"branchMap":{"0":{"loc":{"start":{"line":6,"column":9},"end":{"line":6,"column":92}},"type":"binary-expr","locations":[{"start":{"line":6,"column":9},"end":{"line":6,"column":30}},{"start":{"line":6,"column":35},"end":{"line":6,"column":91}}],"line":6},"1":{"loc":{"start":{"line":6,"column":35},"end":{"line":6,"column":91}},"type":"cond-expr","locations":[{"start":{"line":6,"column":75},"end":{"line":6,"column":81}},{"start":{"line":6,"column":84},"end":{"line":6,"column":91}}],"line":6},"2":{"loc":{"start":{"line":7,"column":13},"end":{"line":10,"column":3}},"type":"cond-expr","locations":[{"start":{"line":7,"column":53},"end":{"line":7,"column":62}},{"start":{"line":7,"column":65},"end":{"line":10,"column":3}}],"line":7},"3":{"loc":{"start":{"line":21,"column":26},"end":{"line":21,"column":92}},"type":"binary-expr","locations":[{"start":{"line":21,"column":26},"end":{"line":21,"column":53}},{"start":{"line":21,"column":57},"end":{"line":21,"column":92}}],"line":21}},"s":{"0":2,"1":2,"2":2,"3":2,"4":10,"5":10,"6":2},"f":{"0":10,"1":10},"b":{"0":[2,2],"1":[0,2],"2":[0,2],"3":[10,10]},"_coverageSchema":"1a1c01bbd47fc00a2c39e90264f33305004495a9","hash":"7b5c1c2dae7f35e80a96149676f5a54bd14d69e3"}
,"/Users/sergiut/Desktop/Websites/test-14/backend/src/routes/items.js": {"path":"/Users/sergiut/Desktop/Websites/test-14/backend/src/routes/items.js","statementMap":{"0":{"start":{"line":1,"column":16},"end":{"line":1,"column":34}},"1":{"start":{"line":2,"column":12},"end":{"line":2,"column":34}},"2":{"start":{"line":3,"column":13},"end":{"line":3,"column":28}},"3":{"start":{"line":4,"column":24},"end":{"line":4,"column":52}},"4":{"start":{"line":5,"column":15},"end":{"line":5,"column":31}},"5":{"start":{"line":10,"column":19},"end":{"line":15,"column":1}},"6":{"start":{"line":21,"column":2},"end":{"line":28,"column":3}},"7":{"start":{"line":22,"column":4},"end":{"line":22,"column":38}},"8":{"start":{"line":24,"column":23},"end":{"line":24,"column":75}},"9":{"start":{"line":25,"column":4},"end":{"line":25,"column":29}},"10":{"start":{"line":26,"column":4},"end":{"line":26,"column":28}},"11":{"start":{"line":27,"column":4},"end":{"line":27,"column":21}},"12":{"start":{"line":36,"column":18},"end":{"line":36,"column":31}},"13":{"start":{"line":38,"column":2},"end":{"line":45,"column":3}},"14":{"start":{"line":39,"column":17},"end":{"line":39,"column":40}},"15":{"start":{"line":40,"column":4},"end":{"line":42,"column":5}},"16":{"start":{"line":41,"column":6},"end":{"line":41,"column":30}},"17":{"start":{"line":46,"column":2},"end":{"line":48,"column":3}},"18":{"start":{"line":47,"column":4},"end":{"line":47,"column":37}},"19":{"start":{"line":49,"column":2},"end":{"line":63,"column":7}},"20":{"start":{"line":50,"column":16},"end":{"line":50,"column":51}},"21":{"start":{"line":51,"column":19},"end":{"line":51,"column":33}},"22":{"start":{"line":53,"column":23},"end":{"line":55,"column":10}},"23":{"start":{"line":54,"column":28},"end":{"line":54,"column":113}},"24":{"start":{"line":57,"column":17},"end":{"line":57,"column":40}},"25":{"start":{"line":58,"column":4},"end":{"line":58,"column":34}},"26":{"start":{"line":59,"column":4},"end":{"line":59,"column":37}},"27":{"start":{"line":60,"column":4},"end":{"line":60,"column":34}},"28":{"start":{"line":61,"column":4},"end":{"line":61,"column":38}},"29":{"start":{"line":62,"column":4},"end":{"line":62,"column":28}},"30":{"start":{"line":64,"column":2},"end":{"line":64,"column":35}},"31":{"start":{"line":72,"column":2},"end":{"line":81,"column":5}},"32":{"start":{"line":73,"column":20},"end":{"line":78,"column":5}},"33":{"start":{"line":75,"column":64},"end":{"line":75,"column":68}},"34":{"start":{"line":79,"column":25},"end":{"line":79,"column":61}},"35":{"start":{"line":80,"column":4},"end":{"line":80,"column":55}},"36":{"start":{"line":82,"column":2},"end":{"line":82,"column":31}},"37":{"start":{"line":89,"column":2},"end":{"line":91,"column":4}},"38":{"start":{"line":90,"column":4},"end":{"line":90,"column":57}},"39":{"start":{"line":95,"column":0},"end":{"line":127,"column":4}},"40":{"start":{"line":96,"column":15},"end":{"line":96,"column":41}},"41":{"start":{"line":97,"column":31},"end":{"line":97,"column":40}},"42":{"start":{"line":98,"column":16},"end":{"line":98,"column":20}},"43":{"start":{"line":100,"column":2},"end":{"line":104,"column":3}},"44":{"start":{"line":101,"column":19},"end":{"line":101,"column":42}},"45":{"start":{"line":103,"column":4},"end":{"line":103,"column":71}},"46":{"start":{"line":103,"column":37},"end":{"line":103,"column":69}},"47":{"start":{"line":106,"column":16},"end":{"line":106,"column":30}},"48":{"start":{"line":107,"column":14},"end":{"line":107,"column":15}},"49":{"start":{"line":108,"column":12},"end":{"line":108,"column":17}},"50":{"start":{"line":109,"column":2},"end":{"line":114,"column":3}},"51":{"start":{"line":110,"column":23},"end":{"line":110,"column":58}},"52":{"start":{"line":111,"column":4},"end":{"line":113,"column":5}},"53":{"start":{"line":112,"column":6},"end":{"line":112,"column":42}},"54":{"start":{"line":115,"column":2},"end":{"line":120,"column":3}},"55":{"start":{"line":116,"column":22},"end":{"line":116,"column":56}},"56":{"start":{"line":117,"column":4},"end":{"line":119,"column":5}},"57":{"start":{"line":118,"column":6},"end":{"line":118,"column":47}},"58":{"start":{"line":121,"column":16},"end":{"line":121,"column":41}},"59":{"start":{"line":123,"column":2},"end":{"line":126,"column":4}},"60":{"start":{"line":125,"column":43},"end":{"line":125,"column":47}},"61":{"start":{"line":130,"column":0},"end":{"line":141,"column":4}},"62":{"start":{"line":131,"column":15},"end":{"line":131,"column":41}},"63":{"start":{"line":132,"column":13},"end":{"line":132,"column":47}},"64":{"start":{"line":133,"column":15},"end":{"line":133,"column":42}},"65":{"start":{"line":133,"column":30},"end":{"line":133,"column":41}},"66":{"start":{"line":134,"column":2},"end":{"line":138,"column":3}},"67":{"start":{"line":135,"column":16},"end":{"line":135,"column":43}},"68":{"start":{"line":136,"column":4},"end":{"line":136,"column":21}},"69":{"start":{"line":137,"column":4},"end":{"line":137,"column":14}},"70":{"start":{"line":139,"column":34},"end":{"line":139,"column":38}},"71":{"start":{"line":140,"column":2},"end":{"line":140,"column":17}},"72":{"start":{"line":144,"column":0},"end":{"line":166,"column":4}},"73":{"start":{"line":146,"column":18},"end":{"line":146,"column":32}},"74":{"start":{"line":147,"column":2},"end":{"line":151,"column":3}},"75":{"start":{"line":148,"column":16},"end":{"line":148,"column":64}},"76":{"start":{"line":149,"column":4},"end":{"line":149,"column":21}},"77":{"start":{"line":150,"column":4},"end":{"line":150,"column":14}},"78":{"start":{"line":153,"column":15},"end":{"line":153,"column":41}},"79":{"start":{"line":154,"column":18},"end":{"line":158,"column":3}},"80":{"start":{"line":160,"column":21},"end":{"line":160,"column":75}},"81":{"start":{"line":161,"column":2},"end":{"line":161,"column":43}},"82":{"start":{"line":163,"column":2},"end":{"line":163,"column":29}},"83":{"start":{"line":164,"column":42},"end":{"line":164,"column":52}},"84":{"start":{"line":165,"column":2},"end":{"line":165,"column":37}},"85":{"start":{"line":168,"column":0},"end":{"line":168,"column":24}}},"fnMap":{"0":{"name":"parseJson","decl":{"start":{"line":20,"column":9},"end":{"line":20,"column":18}},"loc":{"start":{"line":20,"column":35},"end":{"line":29,"column":1}},"line":20},"1":{"name":"loadItemsIntoCache","decl":{"start":{"line":35,"column":15},"end":{"line":35,"column":33}},"loc":{"start":{"line":35,"column":36},"end":{"line":65,"column":1}},"line":35},"2":{"name":"(anonymous_2)","decl":{"start":{"line":49,"column":31},"end":{"line":49,"column":32}},"loc":{"start":{"line":49,"column":43},"end":{"line":63,"column":3}},"line":49},"3":{"name":"(anonymous_3)","decl":{"start":{"line":54,"column":19},"end":{"line":54,"column":20}},"loc":{"start":{"line":54,"column":28},"end":{"line":54,"column":113}},"line":54},"4":{"name":"persistCacheToDisk","decl":{"start":{"line":71,"column":9},"end":{"line":71,"column":27}},"loc":{"start":{"line":71,"column":30},"end":{"line":83,"column":1}},"line":71},"5":{"name":"(anonymous_5)","decl":{"start":{"line":72,"column":53},"end":{"line":72,"column":54}},"loc":{"start":{"line":72,"column":65},"end":{"line":81,"column":3}},"line":72},"6":{"name":"(anonymous_6)","decl":{"start":{"line":75,"column":35},"end":{"line":75,"column":36}},"loc":{"start":{"line":75,"column":64},"end":{"line":75,"column":68}},"line":75},"7":{"name":"asyncHandler","decl":{"start":{"line":88,"column":9},"end":{"line":88,"column":21}},"loc":{"start":{"line":88,"column":31},"end":{"line":92,"column":1}},"line":88},"8":{"name":"(anonymous_8)","decl":{"start":{"line":89,"column":9},"end":{"line":89,"column":10}},"loc":{"start":{"line":89,"column":29},"end":{"line":91,"column":3}},"line":89},"9":{"name":"(anonymous_9)","decl":{"start":{"line":95,"column":29},"end":{"line":95,"column":30}},"loc":{"start":{"line":95,"column":49},"end":{"line":127,"column":1}},"line":95},"10":{"name":"(anonymous_10)","decl":{"start":{"line":103,"column":29},"end":{"line":103,"column":30}},"loc":{"start":{"line":103,"column":37},"end":{"line":103,"column":69}},"line":103},"11":{"name":"(anonymous_11)","decl":{"start":{"line":125,"column":14},"end":{"line":125,"column":15}},"loc":{"start":{"line":125,"column":43},"end":{"line":125,"column":47}},"line":125},"12":{"name":"(anonymous_12)","decl":{"start":{"line":130,"column":32},"end":{"line":130,"column":33}},"loc":{"start":{"line":130,"column":52},"end":{"line":141,"column":1}},"line":130},"13":{"name":"(anonymous_13)","decl":{"start":{"line":133,"column":25},"end":{"line":133,"column":26}},"loc":{"start":{"line":133,"column":30},"end":{"line":133,"column":41}},"line":133},"14":{"name":"(anonymous_14)","decl":{"start":{"line":144,"column":30},"end":{"line":144,"column":31}},"loc":{"start":{"line":144,"column":50},"end":{"line":166,"column":1}},"line":144}},"branchMap":{"0":{"loc":{"start":{"line":40,"column":4},"end":{"line":42,"column":5}},"type":"if","locations":[{"start":{"line":40,"column":4},"end":{"line":42,"column":5}},{"start":{},"end":{}}],"line":40},"1":{"loc":{"start":{"line":40,"column":8},"end":{"line":40,"column":98}},"type":"binary-expr","locations":[{"start":{"line":40,"column":8},"end":{"line":40,"column":24}},{"start":{"line":40,"column":28},"end":{"line":40,"column":59}},{"start":{"line":40,"column":63},"end":{"line":40,"column":98}}],"line":40},"2":{"loc":{"start":{"line":46,"column":2},"end":{"line":48,"column":3}},"type":"if","locations":[{"start":{"line":46,"column":2},"end":{"line":48,"column":3}},{"start":{},"end":{}}],"line":46},"3":{"loc":{"start":{"line":53,"column":23},"end":{"line":55,"column":10}},"type":"cond-expr","locations":[{"start":{"line":54,"column":8},"end":{"line":54,"column":115}},{"start":{"line":55,"column":8},"end":{"line":55,"column":10}}],"line":53},"4":{"loc":{"start":{"line":54,"column":51},"end":{"line":54,"column":111}},"type":"cond-expr","locations":[{"start":{"line":54,"column":83},"end":{"line":54,"column":106}},{"start":{"line":54,"column":109},"end":{"line":54,"column":111}}],"line":54},"5":{"loc":{"start":{"line":75,"column":7},"end":{"line":75,"column":29}},"type":"binary-expr","locations":[{"start":{"line":75,"column":7},"end":{"line":75,"column":23}},{"start":{"line":75,"column":27},"end":{"line":75,"column":29}}],"line":75},"6":{"loc":{"start":{"line":79,"column":25},"end":{"line":79,"column":61}},"type":"binary-expr","locations":[{"start":{"line":79,"column":25},"end":{"line":79,"column":44}},{"start":{"line":79,"column":48},"end":{"line":79,"column":61}}],"line":79},"7":{"loc":{"start":{"line":100,"column":2},"end":{"line":104,"column":3}},"type":"if","locations":[{"start":{"line":100,"column":2},"end":{"line":104,"column":3}},{"start":{},"end":{}}],"line":100},"8":{"loc":{"start":{"line":109,"column":2},"end":{"line":114,"column":3}},"type":"if","locations":[{"start":{"line":109,"column":2},"end":{"line":114,"column":3}},{"start":{},"end":{}}],"line":109},"9":{"loc":{"start":{"line":111,"column":4},"end":{"line":113,"column":5}},"type":"if","locations":[{"start":{"line":111,"column":4},"end":{"line":113,"column":5}},{"start":{},"end":{}}],"line":111},"10":{"loc":{"start":{"line":111,"column":8},"end":{"line":111,"column":52}},"type":"binary-expr","locations":[{"start":{"line":111,"column":8},"end":{"line":111,"column":33}},{"start":{"line":111,"column":37},"end":{"line":111,"column":52}}],"line":111},"11":{"loc":{"start":{"line":115,"column":2},"end":{"line":120,"column":3}},"type":"if","locations":[{"start":{"line":115,"column":2},"end":{"line":120,"column":3}},{"start":{},"end":{}}],"line":115},"12":{"loc":{"start":{"line":117,"column":4},"end":{"line":119,"column":5}},"type":"if","locations":[{"start":{"line":117,"column":4},"end":{"line":119,"column":5}},{"start":{},"end":{}}],"line":117},"13":{"loc":{"start":{"line":117,"column":8},"end":{"line":117,"column":50}},"type":"binary-expr","locations":[{"start":{"line":117,"column":8},"end":{"line":117,"column":32}},{"start":{"line":117,"column":36},"end":{"line":117,"column":50}}],"line":117},"14":{"loc":{"start":{"line":134,"column":2},"end":{"line":138,"column":3}},"type":"if","locations":[{"start":{"line":134,"column":2},"end":{"line":138,"column":3}},{"start":{},"end":{}}],"line":134},"15":{"loc":{"start":{"line":146,"column":18},"end":{"line":146,"column":32}},"type":"binary-expr","locations":[{"start":{"line":146,"column":18},"end":{"line":146,"column":26}},{"start":{"line":146,"column":30},"end":{"line":146,"column":32}}],"line":146},"16":{"loc":{"start":{"line":147,"column":2},"end":{"line":151,"column":3}},"type":"if","locations":[{"start":{"line":147,"column":2},"end":{"line":151,"column":3}},{"start":{},"end":{}}],"line":147},"17":{"loc":{"start":{"line":147,"column":6},"end":{"line":147,"column":74}},"type":"binary-expr","locations":[{"start":{"line":147,"column":6},"end":{"line":147,"column":38}},{"start":{"line":147,"column":42},"end":{"line":147,"column":74}}],"line":147}},"s":{"0":2,"1":2,"2":2,"3":2,"4":2,"5":2,"6":3,"7":3,"8":0,"9":0,"10":0,"11":0,"12":6,"13":6,"14":6,"15":6,"16":3,"17":3,"18":0,"19":3,"20":3,"21":3,"22":3,"23":4,"24":3,"25":3,"26":3,"27":3,"28":3,"29":3,"30":3,"31":1,"32":1,"33":1,"34":1,"35":1,"36":1,"37":6,"38":7,"39":2,"40":3,"41":3,"42":3,"43":3,"44":1,"45":1,"46":3,"47":3,"48":3,"49":3,"50":3,"51":0,"52":0,"53":0,"54":3,"55":1,"56":1,"57":1,"58":3,"59":3,"60":7,"61":2,"62":2,"63":2,"64":2,"65":2,"66":2,"67":1,"68":1,"69":1,"70":1,"71":1,"72":2,"73":2,"74":2,"75":1,"76":1,"77":1,"78":1,"79":1,"80":1,"81":1,"82":1,"83":1,"84":1,"85":2},"f":{"0":3,"1":6,"2":3,"3":4,"4":1,"5":1,"6":1,"7":6,"8":7,"9":3,"10":3,"11":7,"12":2,"13":2,"14":2},"b":{"0":[3,3],"1":[6,5,3],"2":[0,3],"3":[3,0],"4":[4,0],"5":[1,0],"6":[1,0],"7":[1,2],"8":[0,3],"9":[0,0],"10":[0,0],"11":[1,2],"12":[1,0],"13":[1,1],"14":[1,1],"15":[2,0],"16":[1,1],"17":[2,1]},"_coverageSchema":"1a1c01bbd47fc00a2c39e90264f33305004495a9","hash":"a7c0247bfc81595397c72e58efcd24ca8dec77ec"}
,"/Users/sergiut/Desktop/Websites/test-14/backend/src/routes/stats.js": {"path":"/Users/sergiut/Desktop/Websites/test-14/backend/src/routes/stats.js","statementMap":{"0":{"start":{"line":1,"column":16},"end":{"line":1,"column":34}},"1":{"start":{"line":2,"column":12},"end":{"line":2,"column":34}},"2":{"start":{"line":3,"column":13},"end":{"line":3,"column":28}},"3":{"start":{"line":4,"column":24},"end":{"line":4,"column":52}},"4":{"start":{"line":5,"column":15},"end":{"line":5,"column":31}},"5":{"start":{"line":13,"column":19},"end":{"line":17,"column":1}},"6":{"start":{"line":20,"column":2},"end":{"line":27,"column":3}},"7":{"start":{"line":21,"column":4},"end":{"line":21,"column":38}},"8":{"start":{"line":23,"column":14},"end":{"line":23,"column":75}},"9":{"start":{"line":24,"column":4},"end":{"line":24,"column":19}},"10":{"start":{"line":25,"column":4},"end":{"line":25,"column":20}},"11":{"start":{"line":26,"column":4},"end":{"line":26,"column":12}},"12":{"start":{"line":31,"column":16},"end":{"line":31,"column":55}},"13":{"start":{"line":32,"column":2},"end":{"line":34,"column":3}},"14":{"start":{"line":33,"column":4},"end":{"line":33,"column":41}},"15":{"start":{"line":35,"column":14},"end":{"line":35,"column":75}},"16":{"start":{"line":35,"column":41},"end":{"line":35,"column":71}},"17":{"start":{"line":36,"column":2},"end":{"line":36,"column":46}},"18":{"start":{"line":40,"column":15},"end":{"line":40,"column":44}},"19":{"start":{"line":41,"column":18},"end":{"line":41,"column":30}},"20":{"start":{"line":43,"column":2},"end":{"line":45,"column":3}},"21":{"start":{"line":44,"column":4},"end":{"line":44,"column":28}},"22":{"start":{"line":46,"column":2},"end":{"line":48,"column":3}},"23":{"start":{"line":47,"column":4},"end":{"line":47,"column":32}},"24":{"start":{"line":49,"column":2},"end":{"line":57,"column":7}},"25":{"start":{"line":50,"column":16},"end":{"line":50,"column":57}},"26":{"start":{"line":51,"column":18},"end":{"line":51,"column":32}},"27":{"start":{"line":52,"column":18},"end":{"line":52,"column":37}},"28":{"start":{"line":53,"column":4},"end":{"line":53,"column":29}},"29":{"start":{"line":54,"column":4},"end":{"line":54,"column":39}},"30":{"start":{"line":55,"column":4},"end":{"line":55,"column":32}},"31":{"start":{"line":56,"column":4},"end":{"line":56,"column":17}},"32":{"start":{"line":58,"column":2},"end":{"line":58,"column":30}},"33":{"start":{"line":62,"column":2},"end":{"line":64,"column":4}},"34":{"start":{"line":63,"column":4},"end":{"line":63,"column":57}},"35":{"start":{"line":68,"column":0},"end":{"line":71,"column":4}},"36":{"start":{"line":69,"column":16},"end":{"line":69,"column":40}},"37":{"start":{"line":70,"column":2},"end":{"line":70,"column":18}},"38":{"start":{"line":73,"column":0},"end":{"line":73,"column":24}}},"fnMap":{"0":{"name":"parseJson","decl":{"start":{"line":19,"column":9},"end":{"line":19,"column":18}},"loc":{"start":{"line":19,"column":35},"end":{"line":28,"column":1}},"line":19},"1":{"name":"computeStats","decl":{"start":{"line":30,"column":9},"end":{"line":30,"column":21}},"loc":{"start":{"line":30,"column":29},"end":{"line":37,"column":1}},"line":30},"2":{"name":"(anonymous_2)","decl":{"start":{"line":35,"column":27},"end":{"line":35,"column":28}},"loc":{"start":{"line":35,"column":41},"end":{"line":35,"column":71}},"line":35},"3":{"name":"loadStatsIfStale","decl":{"start":{"line":39,"column":15},"end":{"line":39,"column":31}},"loc":{"start":{"line":39,"column":34},"end":{"line":59,"column":1}},"line":39},"4":{"name":"(anonymous_4)","decl":{"start":{"line":49,"column":26},"end":{"line":49,"column":27}},"loc":{"start":{"line":49,"column":38},"end":{"line":57,"column":3}},"line":49},"5":{"name":"asyncHandler","decl":{"start":{"line":61,"column":9},"end":{"line":61,"column":21}},"loc":{"start":{"line":61,"column":31},"end":{"line":65,"column":1}},"line":61},"6":{"name":"(anonymous_6)","decl":{"start":{"line":62,"column":9},"end":{"line":62,"column":10}},"loc":{"start":{"line":62,"column":29},"end":{"line":64,"column":3}},"line":62},"7":{"name":"(anonymous_7)","decl":{"start":{"line":68,"column":29},"end":{"line":68,"column":30}},"loc":{"start":{"line":68,"column":49},"end":{"line":71,"column":1}},"line":68}},"branchMap":{"0":{"loc":{"start":{"line":31,"column":16},"end":{"line":31,"column":55}},"type":"cond-expr","locations":[{"start":{"line":31,"column":39},"end":{"line":31,"column":51}},{"start":{"line":31,"column":54},"end":{"line":31,"column":55}}],"line":31},"1":{"loc":{"start":{"line":32,"column":2},"end":{"line":34,"column":3}},"type":"if","locations":[{"start":{"line":32,"column":2},"end":{"line":34,"column":3}},{"start":{},"end":{}}],"line":32},"2":{"loc":{"start":{"line":35,"column":48},"end":{"line":35,"column":70}},"type":"binary-expr","locations":[{"start":{"line":35,"column":48},"end":{"line":35,"column":65}},{"start":{"line":35,"column":69},"end":{"line":35,"column":70}}],"line":35},"3":{"loc":{"start":{"line":43,"column":2},"end":{"line":45,"column":3}},"type":"if","locations":[{"start":{"line":43,"column":2},"end":{"line":45,"column":3}},{"start":{},"end":{}}],"line":43},"4":{"loc":{"start":{"line":43,"column":6},"end":{"line":43,"column":62}},"type":"binary-expr","locations":[{"start":{"line":43,"column":6},"end":{"line":43,"column":22}},{"start":{"line":43,"column":26},"end":{"line":43,"column":62}}],"line":43},"5":{"loc":{"start":{"line":46,"column":2},"end":{"line":48,"column":3}},"type":"if","locations":[{"start":{"line":46,"column":2},"end":{"line":48,"column":3}},{"start":{},"end":{}}],"line":46}},"s":{"0":2,"1":2,"2":2,"3":2,"4":2,"5":2,"6":3,"7":3,"8":0,"9":0,"10":0,"11":0,"12":3,"13":3,"14":1,"15":2,"16":5,"17":2,"18":3,"19":3,"20":3,"21":0,"22":3,"23":0,"24":3,"25":3,"26":3,"27":3,"28":3,"29":3,"30":3,"31":3,"32":3,"33":2,"34":3,"35":2,"36":3,"37":3,"38":2},"f":{"0":3,"1":3,"2":5,"3":3,"4":3,"5":2,"6":3,"7":3},"b":{"0":[3,0],"1":[1,2],"2":[5,0],"3":[0,3],"4":[3,2],"5":[0,3]},"_coverageSchema":"1a1c01bbd47fc00a2c39e90264f33305004495a9","hash":"7f2412147d411752efc2b05e5105a333ee38387a"}
,"/Users/sergiut/Desktop/Websites/test-14/backend/src/utils/dataPath.js": {"path":"/Users/sergiut/Desktop/Websites/test-14/backend/src/utils/dataPath.js","statementMap":{"0":{"start":{"line":1,"column":13},"end":{"line":1,"column":28}},"1":{"start":{"line":5,"column":2},"end":{"line":5,"column":89}},"2":{"start":{"line":8,"column":0},"end":{"line":8,"column":33}}},"fnMap":{"0":{"name":"getDataPath","decl":{"start":{"line":4,"column":9},"end":{"line":4,"column":20}},"loc":{"start":{"line":4,"column":23},"end":{"line":6,"column":1}},"line":4}},"branchMap":{"0":{"loc":{"start":{"line":5,"column":9},"end":{"line":5,"column":88}},"type":"binary-expr","locations":[{"start":{"line":5,"column":9},"end":{"line":5,"column":36}},{"start":{"line":5,"column":40},"end":{"line":5,"column":88}}],"line":5}},"s":{"0":2,"1":12,"2":2},"f":{"0":12},"b":{"0":[12,0]},"_coverageSchema":"1a1c01bbd47fc00a2c39e90264f33305004495a9","hash":"e57456a0bc4ae31695f6650c2cf7e9e79b2334a7"}
}
