{"/Users/sergiut/Desktop/Websites/test-14/backend/src/app.js": {"path":"/Users/sergiut/Desktop/Websites/test-14/backend/src/app.js","statementMap":{"0":{"start":{"line":1,"column":16},"end":{"line":1,"column":34}},"1":{"start":{"line":2,"column":13},"end":{"line":2,"column":28}},"2":{"start":{"line":3,"column":20},"end":{"line":3,"column":45}},"3":{"start":{"line":4,"column":20},"end":{"line":4,"column":45}},"4":{"start":{"line":5,"column":26},"end":{"line":5,"column":56}},"5":{"start":{"line":9,"column":12},"end":{"line":9,"column":21}},"6":{"start":{"line":11,"column":0},"end":{"line":11,"column":86}},"7":{"start":{"line":12,"column":0},"end":{"line":12,"column":24}},"8":{"start":{"line":14,"column":0},"end":{"line":14,"column":23}},"9":{"start":{"line":16,"column":0},"end":{"line":16,"column":35}},"10":{"start":{"line":17,"column":0},"end":{"line":17,"column":35}},"11":{"start":{"line":19,"column":0},"end":{"line":19,"column":21}}},"fnMap":{},"branchMap":{},"s":{"0":2,"1":2,"2":2,"3":2,"4":2,"5":2,"6":2,"7":2,"8":2,"9":2,"10":2,"11":2},"f":{},"b":{},"_coverageSchema":"1a1c01bbd47fc00a2c39e90264f33305004495a9","hash":"dc9a2244af359a401d92d288f4feb9ca6ee6032f"}
,"/Users/sergiut/Desktop/Websites/test-14/backend/src/middleware/logger.js": {"path":"/Users/sergiut/Desktop/Websites/test-14/backend/src/middleware/logger.js","statementMap":{"0":{"start":{"line":1,"column":13},"end":{"line":1,"column":28}},"1":{"start":{"line":2,"column":17},"end":{"line":2,"column":37}},"2":{"start":{"line":5,"column":15},"end":{"line":15,"column":2}},"3":{"start":{"line":18,"column":22},"end":{"line":32,"column":2}},"4":{"start":{"line":21,"column":26},"end":{"line":21,"column":92}},"5":{"start":{"line":24,"column":6},"end":{"line":29,"column":8}},"6":{"start":{"line":34,"column":0},"end":{"line":34,"column":43}}},"fnMap":{"0":{"name":"(anonymous_0)","decl":{"start":{"line":21,"column":12},"end":{"line":21,"column":13}},"loc":{"start":{"line":21,"column":26},"end":{"line":21,"column":92}},"line":21},"1":{"name":"(anonymous_1)","decl":{"start":{"line":23,"column":4},"end":{"line":23,"column":5}},"loc":{"start":{"line":23,"column":13},"end":{"line":30,"column":5}},"line":23}},"branchMap":{"0":{"loc":{"start":{"line":6,"column":9},"end":{"line":6,"column":92}},"type":"binary-expr","locations":[{"start":{"line":6,"column":9},"end":{"line":6,"column":30}},{"start":{"line":6,"column":35},"end":{"line":6,"column":91}}],"line":6},"1":{"loc":{"start":{"line":6,"column":35},"end":{"line":6,"column":91}},"type":"cond-expr","locations":[{"start":{"line":6,"column":75},"end":{"line":6,"column":81}},{"start":{"line":6,"column":84},"end":{"line":6,"column":91}}],"line":6},"2":{"loc":{"start":{"line":7,"column":13},"end":{"line":10,"column":3}},"type":"cond-expr","locations":[{"start":{"line":7,"column":53},"end":{"line":7,"column":62}},{"start":{"line":7,"column":65},"end":{"line":10,"column":3}}],"line":7},"3":{"loc":{"start":{"line":21,"column":26},"end":{"line":21,"column":92}},"type":"binary-expr","locations":[{"start":{"line":21,"column":26},"end":{"line":21,"column":53}},{"start":{"line":21,"column":57},"end":{"line":21,"column":92}}],"line":21}},"s":{"0":2,"1":2,"2":2,"3":2,"4":10,"5":10,"6":2},"f":{"0":10,"1":10},"b":{"0":[2,2],"1":[0,2],"2":[0,2],"3":[10,10]},"_coverageSchema":"1a1c01bbd47fc00a2c39e90264f33305004495a9","hash":"7b5c1c2dae7f35e80a96149676f5a54bd14d69e3"}
,"/Users/sergiut/Desktop/Websites/test-14/backend/src/routes/items.js": {"path":"/Users/sergiut/Desktop/Websites/test-14/backend/src/routes/items.js","statementMap":{"0":{"start":{"line":1,"column":16},"end":{"line":1,"column":34}},"1":{"start":{"line":2,"column":12},"end":{"line":2,"column":34}},"2":{"start":{"line":3,"column":13},"end":{"line":3,"column":28}},"3":{"start":{"line":4,"column":23},"end":{"line":4,"column":38}},"4":{"start":{"line":5,"column":24},"end":{"line":5,"column":52}},"5":{"start":{"line":6,"column":15},"end":{"line":6,"column":31}},"6":{"start":{"line":11,"column":19},"end":{"line":16,"column":1}},"7":{"start":{"line":22,"column":2},"end":{"line":29,"column":3}},"8":{"start":{"line":23,"column":4},"end":{"line":23,"column":38}},"9":{"start":{"line":25,"column":23},"end":{"line":25,"column":75}},"10":{"start":{"line":26,"column":4},"end":{"line":26,"column":29}},"11":{"start":{"line":27,"column":4},"end":{"line":27,"column":28}},"12":{"start":{"line":28,"column":4},"end":{"line":28,"column":21}},"13":{"start":{"line":37,"column":18},"end":{"line":37,"column":31}},"14":{"start":{"line":39,"column":2},"end":{"line":46,"column":3}},"15":{"start":{"line":40,"column":17},"end":{"line":40,"column":40}},"16":{"start":{"line":41,"column":4},"end":{"line":43,"column":5}},"17":{"start":{"line":42,"column":6},"end":{"line":42,"column":30}},"18":{"start":{"line":47,"column":2},"end":{"line":49,"column":3}},"19":{"start":{"line":48,"column":4},"end":{"line":48,"column":37}},"20":{"start":{"line":50,"column":2},"end":{"line":64,"column":7}},"21":{"start":{"line":51,"column":16},"end":{"line":51,"column":51}},"22":{"start":{"line":52,"column":19},"end":{"line":52,"column":33}},"23":{"start":{"line":54,"column":23},"end":{"line":56,"column":10}},"24":{"start":{"line":55,"column":28},"end":{"line":55,"column":113}},"25":{"start":{"line":58,"column":17},"end":{"line":58,"column":40}},"26":{"start":{"line":59,"column":4},"end":{"line":59,"column":34}},"27":{"start":{"line":60,"column":4},"end":{"line":60,"column":37}},"28":{"start":{"line":61,"column":4},"end":{"line":61,"column":34}},"29":{"start":{"line":62,"column":4},"end":{"line":62,"column":38}},"30":{"start":{"line":63,"column":4},"end":{"line":63,"column":28}},"31":{"start":{"line":65,"column":2},"end":{"line":65,"column":35}},"32":{"start":{"line":73,"column":2},"end":{"line":82,"column":5}},"33":{"start":{"line":74,"column":20},"end":{"line":79,"column":5}},"34":{"start":{"line":76,"column":64},"end":{"line":76,"column":68}},"35":{"start":{"line":80,"column":25},"end":{"line":80,"column":61}},"36":{"start":{"line":81,"column":4},"end":{"line":81,"column":55}},"37":{"start":{"line":83,"column":2},"end":{"line":83,"column":31}},"38":{"start":{"line":90,"column":2},"end":{"line":92,"column":4}},"39":{"start":{"line":91,"column":4},"end":{"line":91,"column":57}},"40":{"start":{"line":96,"column":0},"end":{"line":128,"column":4}},"41":{"start":{"line":97,"column":15},"end":{"line":97,"column":41}},"42":{"start":{"line":98,"column":31},"end":{"line":98,"column":40}},"43":{"start":{"line":99,"column":16},"end":{"line":99,"column":20}},"44":{"start":{"line":101,"column":2},"end":{"line":105,"column":3}},"45":{"start":{"line":102,"column":19},"end":{"line":102,"column":42}},"46":{"start":{"line":104,"column":4},"end":{"line":104,"column":71}},"47":{"start":{"line":104,"column":37},"end":{"line":104,"column":69}},"48":{"start":{"line":107,"column":16},"end":{"line":107,"column":30}},"49":{"start":{"line":108,"column":14},"end":{"line":108,"column":15}},"50":{"start":{"line":109,"column":12},"end":{"line":109,"column":17}},"51":{"start":{"line":110,"column":2},"end":{"line":115,"column":3}},"52":{"start":{"line":111,"column":23},"end":{"line":111,"column":58}},"53":{"start":{"line":112,"column":4},"end":{"line":114,"column":5}},"54":{"start":{"line":113,"column":6},"end":{"line":113,"column":42}},"55":{"start":{"line":116,"column":2},"end":{"line":121,"column":3}},"56":{"start":{"line":117,"column":22},"end":{"line":117,"column":56}},"57":{"start":{"line":118,"column":4},"end":{"line":120,"column":5}},"58":{"start":{"line":119,"column":6},"end":{"line":119,"column":47}},"59":{"start":{"line":122,"column":16},"end":{"line":122,"column":41}},"60":{"start":{"line":124,"column":2},"end":{"line":127,"column":4}},"61":{"start":{"line":126,"column":43},"end":{"line":126,"column":47}},"62":{"start":{"line":131,"column":0},"end":{"line":142,"column":4}},"63":{"start":{"line":132,"column":15},"end":{"line":132,"column":41}},"64":{"start":{"line":133,"column":13},"end":{"line":133,"column":47}},"65":{"start":{"line":134,"column":15},"end":{"line":134,"column":42}},"66":{"start":{"line":134,"column":30},"end":{"line":134,"column":41}},"67":{"start":{"line":135,"column":2},"end":{"line":139,"column":3}},"68":{"start":{"line":136,"column":16},"end":{"line":136,"column":43}},"69":{"start":{"line":137,"column":4},"end":{"line":137,"column":21}},"70":{"start":{"line":138,"column":4},"end":{"line":138,"column":14}},"71":{"start":{"line":140,"column":34},"end":{"line":140,"column":38}},"72":{"start":{"line":141,"column":2},"end":{"line":141,"column":17}},"73":{"start":{"line":145,"column":0},"end":{"line":167,"column":4}},"74":{"start":{"line":147,"column":18},"end":{"line":147,"column":32}},"75":{"start":{"line":148,"column":2},"end":{"line":152,"column":3}},"76":{"start":{"line":149,"column":16},"end":{"line":149,"column":64}},"77":{"start":{"line":150,"column":4},"end":{"line":150,"column":21}},"78":{"start":{"line":151,"column":4},"end":{"line":151,"column":14}},"79":{"start":{"line":154,"column":15},"end":{"line":154,"column":41}},"80":{"start":{"line":155,"column":18},"end":{"line":159,"column":3}},"81":{"start":{"line":161,"column":21},"end":{"line":161,"column":75}},"82":{"start":{"line":162,"column":2},"end":{"line":162,"column":43}},"83":{"start":{"line":164,"column":2},"end":{"line":164,"column":29}},"84":{"start":{"line":165,"column":42},"end":{"line":165,"column":52}},"85":{"start":{"line":166,"column":2},"end":{"line":166,"column":37}},"86":{"start":{"line":169,"column":0},"end":{"line":169,"column":24}}},"fnMap":{"0":{"name":"parseJson","decl":{"start":{"line":21,"column":9},"end":{"line":21,"column":18}},"loc":{"start":{"line":21,"column":35},"end":{"line":30,"column":1}},"line":21},"1":{"name":"loadItemsIntoCache","decl":{"start":{"line":36,"column":15},"end":{"line":36,"column":33}},"loc":{"start":{"line":36,"column":36},"end":{"line":66,"column":1}},"line":36},"2":{"name":"(anonymous_2)","decl":{"start":{"line":50,"column":31},"end":{"line":50,"column":32}},"loc":{"start":{"line":50,"column":43},"end":{"line":64,"column":3}},"line":50},"3":{"name":"(anonymous_3)","decl":{"start":{"line":55,"column":19},"end":{"line":55,"column":20}},"loc":{"start":{"line":55,"column":28},"end":{"line":55,"column":113}},"line":55},"4":{"name":"persistCacheToDisk","decl":{"start":{"line":72,"column":9},"end":{"line":72,"column":27}},"loc":{"start":{"line":72,"column":30},"end":{"line":84,"column":1}},"line":72},"5":{"name":"(anonymous_5)","decl":{"start":{"line":73,"column":53},"end":{"line":73,"column":54}},"loc":{"start":{"line":73,"column":65},"end":{"line":82,"column":3}},"line":73},"6":{"name":"(anonymous_6)","decl":{"start":{"line":76,"column":35},"end":{"line":76,"column":36}},"loc":{"start":{"line":76,"column":64},"end":{"line":76,"column":68}},"line":76},"7":{"name":"asyncHandler","decl":{"start":{"line":89,"column":9},"end":{"line":89,"column":21}},"loc":{"start":{"line":89,"column":31},"end":{"line":93,"column":1}},"line":89},"8":{"name":"(anonymous_8)","decl":{"start":{"line":90,"column":9},"end":{"line":90,"column":10}},"loc":{"start":{"line":90,"column":29},"end":{"line":92,"column":3}},"line":90},"9":{"name":"(anonymous_9)","decl":{"start":{"line":96,"column":29},"end":{"line":96,"column":30}},"loc":{"start":{"line":96,"column":49},"end":{"line":128,"column":1}},"line":96},"10":{"name":"(anonymous_10)","decl":{"start":{"line":104,"column":29},"end":{"line":104,"column":30}},"loc":{"start":{"line":104,"column":37},"end":{"line":104,"column":69}},"line":104},"11":{"name":"(anonymous_11)","decl":{"start":{"line":126,"column":14},"end":{"line":126,"column":15}},"loc":{"start":{"line":126,"column":43},"end":{"line":126,"column":47}},"line":126},"12":{"name":"(anonymous_12)","decl":{"start":{"line":131,"column":32},"end":{"line":131,"column":33}},"loc":{"start":{"line":131,"column":52},"end":{"line":142,"column":1}},"line":131},"13":{"name":"(anonymous_13)","decl":{"start":{"line":134,"column":25},"end":{"line":134,"column":26}},"loc":{"start":{"line":134,"column":30},"end":{"line":134,"column":41}},"line":134},"14":{"name":"(anonymous_14)","decl":{"start":{"line":145,"column":30},"end":{"line":145,"column":31}},"loc":{"start":{"line":145,"column":50},"end":{"line":167,"column":1}},"line":145}},"branchMap":{"0":{"loc":{"start":{"line":41,"column":4},"end":{"line":43,"column":5}},"type":"if","locations":[{"start":{"line":41,"column":4},"end":{"line":43,"column":5}},{"start":{},"end":{}}],"line":41},"1":{"loc":{"start":{"line":41,"column":8},"end":{"line":41,"column":98}},"type":"binary-expr","locations":[{"start":{"line":41,"column":8},"end":{"line":41,"column":24}},{"start":{"line":41,"column":28},"end":{"line":41,"column":59}},{"start":{"line":41,"column":63},"end":{"line":41,"column":98}}],"line":41},"2":{"loc":{"start":{"line":47,"column":2},"end":{"line":49,"column":3}},"type":"if","locations":[{"start":{"line":47,"column":2},"end":{"line":49,"column":3}},{"start":{},"end":{}}],"line":47},"3":{"loc":{"start":{"line":54,"column":23},"end":{"line":56,"column":10}},"type":"cond-expr","locations":[{"start":{"line":55,"column":8},"end":{"line":55,"column":115}},{"start":{"line":56,"column":8},"end":{"line":56,"column":10}}],"line":54},"4":{"loc":{"start":{"line":55,"column":51},"end":{"line":55,"column":111}},"type":"cond-expr","locations":[{"start":{"line":55,"column":83},"end":{"line":55,"column":106}},{"start":{"line":55,"column":109},"end":{"line":55,"column":111}}],"line":55},"5":{"loc":{"start":{"line":76,"column":7},"end":{"line":76,"column":29}},"type":"binary-expr","locations":[{"start":{"line":76,"column":7},"end":{"line":76,"column":23}},{"start":{"line":76,"column":27},"end":{"line":76,"column":29}}],"line":76},"6":{"loc":{"start":{"line":80,"column":25},"end":{"line":80,"column":61}},"type":"binary-expr","locations":[{"start":{"line":80,"column":25},"end":{"line":80,"column":44}},{"start":{"line":80,"column":48},"end":{"line":80,"column":61}}],"line":80},"7":{"loc":{"start":{"line":101,"column":2},"end":{"line":105,"column":3}},"type":"if","locations":[{"start":{"line":101,"column":2},"end":{"line":105,"column":3}},{"start":{},"end":{}}],"line":101},"8":{"loc":{"start":{"line":110,"column":2},"end":{"line":115,"column":3}},"type":"if","locations":[{"start":{"line":110,"column":2},"end":{"line":115,"column":3}},{"start":{},"end":{}}],"line":110},"9":{"loc":{"start":{"line":112,"column":4},"end":{"line":114,"column":5}},"type":"if","locations":[{"start":{"line":112,"column":4},"end":{"line":114,"column":5}},{"start":{},"end":{}}],"line":112},"10":{"loc":{"start":{"line":112,"column":8},"end":{"line":112,"column":52}},"type":"binary-expr","locations":[{"start":{"line":112,"column":8},"end":{"line":112,"column":33}},{"start":{"line":112,"column":37},"end":{"line":112,"column":52}}],"line":112},"11":{"loc":{"start":{"line":116,"column":2},"end":{"line":121,"column":3}},"type":"if","locations":[{"start":{"line":116,"column":2},"end":{"line":121,"column":3}},{"start":{},"end":{}}],"line":116},"12":{"loc":{"start":{"line":118,"column":4},"end":{"line":120,"column":5}},"type":"if","locations":[{"start":{"line":118,"column":4},"end":{"line":120,"column":5}},{"start":{},"end":{}}],"line":118},"13":{"loc":{"start":{"line":118,"column":8},"end":{"line":118,"column":50}},"type":"binary-expr","locations":[{"start":{"line":118,"column":8},"end":{"line":118,"column":32}},{"start":{"line":118,"column":36},"end":{"line":118,"column":50}}],"line":118},"14":{"loc":{"start":{"line":135,"column":2},"end":{"line":139,"column":3}},"type":"if","locations":[{"start":{"line":135,"column":2},"end":{"line":139,"column":3}},{"start":{},"end":{}}],"line":135},"15":{"loc":{"start":{"line":147,"column":18},"end":{"line":147,"column":32}},"type":"binary-expr","locations":[{"start":{"line":147,"column":18},"end":{"line":147,"column":26}},{"start":{"line":147,"column":30},"end":{"line":147,"column":32}}],"line":147},"16":{"loc":{"start":{"line":148,"column":2},"end":{"line":152,"column":3}},"type":"if","locations":[{"start":{"line":148,"column":2},"end":{"line":152,"column":3}},{"start":{},"end":{}}],"line":148},"17":{"loc":{"start":{"line":148,"column":6},"end":{"line":148,"column":74}},"type":"binary-expr","locations":[{"start":{"line":148,"column":6},"end":{"line":148,"column":38}},{"start":{"line":148,"column":42},"end":{"line":148,"column":74}}],"line":148}},"s":{"0":2,"1":2,"2":2,"3":2,"4":2,"5":2,"6":2,"7":3,"8":3,"9":0,"10":0,"11":0,"12":0,"13":6,"14":6,"15":6,"16":6,"17":3,"18":3,"19":0,"20":3,"21":3,"22":3,"23":3,"24":4,"25":3,"26":3,"27":3,"28":3,"29":3,"30":3,"31":3,"32":1,"33":1,"34":1,"35":1,"36":1,"37":1,"38":6,"39":7,"40":2,"41":3,"42":3,"43":3,"44":3,"45":1,"46":1,"47":3,"48":3,"49":3,"50":3,"51":3,"52":0,"53":0,"54":0,"55":3,"56":1,"57":1,"58":1,"59":3,"60":3,"61":7,"62":2,"63":2,"64":2,"65":2,"66":2,"67":2,"68":1,"69":1,"70":1,"71":1,"72":1,"73":2,"74":2,"75":2,"76":1,"77":1,"78":1,"79":1,"80":1,"81":1,"82":1,"83":1,"84":1,"85":1,"86":2},"f":{"0":3,"1":6,"2":3,"3":4,"4":1,"5":1,"6":1,"7":6,"8":7,"9":3,"10":3,"11":7,"12":2,"13":2,"14":2},"b":{"0":[3,3],"1":[6,5,3],"2":[0,3],"3":[3,0],"4":[4,0],"5":[1,0],"6":[1,0],"7":[1,2],"8":[0,3],"9":[0,0],"10":[0,0],"11":[1,2],"12":[1,0],"13":[1,1],"14":[1,1],"15":[2,0],"16":[1,1],"17":[2,1]},"_coverageSchema":"1a1c01bbd47fc00a2c39e90264f33305004495a9","hash":"284cf5405d796a014e27bec2f39513c7f02775bb"}
,"/Users/sergiut/Desktop/Websites/test-14/backend/src/routes/stats.js": {"path":"/Users/sergiut/Desktop/Websites/test-14/backend/src/routes/stats.js","statementMap":{"0":{"start":{"line":1,"column":16},"end":{"line":1,"column":34}},"1":{"start":{"line":2,"column":12},"end":{"line":2,"column":34}},"2":{"start":{"line":3,"column":13},"end":{"line":3,"column":28}},"3":{"start":{"line":4,"column":24},"end":{"line":4,"column":52}},"4":{"start":{"line":5,"column":15},"end":{"line":5,"column":31}},"5":{"start":{"line":13,"column":19},"end":{"line":17,"column":1}},"6":{"start":{"line":20,"column":2},"end":{"line":27,"column":3}},"7":{"start":{"line":21,"column":4},"end":{"line":21,"column":38}},"8":{"start":{"line":23,"column":14},"end":{"line":23,"column":75}},"9":{"start":{"line":24,"column":4},"end":{"line":24,"column":19}},"10":{"start":{"line":25,"column":4},"end":{"line":25,"column":20}},"11":{"start":{"line":26,"column":4},"end":{"line":26,"column":12}},"12":{"start":{"line":31,"column":16},"end":{"line":31,"column":55}},"13":{"start":{"line":32,"column":2},"end":{"line":34,"column":3}},"14":{"start":{"line":33,"column":4},"end":{"line":33,"column":41}},"15":{"start":{"line":35,"column":14},"end":{"line":35,"column":75}},"16":{"start":{"line":35,"column":41},"end":{"line":35,"column":71}},"17":{"start":{"line":36,"column":2},"end":{"line":36,"column":46}},"18":{"start":{"line":40,"column":15},"end":{"line":40,"column":44}},"19":{"start":{"line":41,"column":18},"end":{"line":41,"column":30}},"20":{"start":{"line":43,"column":2},"end":{"line":45,"column":3}},"21":{"start":{"line":44,"column":4},"end":{"line":44,"column":28}},"22":{"start":{"line":46,"column":2},"end":{"line":48,"column":3}},"23":{"start":{"line":47,"column":4},"end":{"line":47,"column":32}},"24":{"start":{"line":49,"column":2},"end":{"line":57,"column":7}},"25":{"start":{"line":50,"column":16},"end":{"line":50,"column":57}},"26":{"start":{"line":51,"column":18},"end":{"line":51,"column":32}},"27":{"start":{"line":52,"column":18},"end":{"line":52,"column":37}},"28":{"start":{"line":53,"column":4},"end":{"line":53,"column":29}},"29":{"start":{"line":54,"column":4},"end":{"line":54,"column":39}},"30":{"start":{"line":55,"column":4},"end":{"line":55,"column":32}},"31":{"start":{"line":56,"column":4},"end":{"line":56,"column":17}},"32":{"start":{"line":58,"column":2},"end":{"line":58,"column":30}},"33":{"start":{"line":62,"column":2},"end":{"line":64,"column":4}},"34":{"start":{"line":63,"column":4},"end":{"line":63,"column":57}},"35":{"start":{"line":68,"column":0},"end":{"line":71,"column":4}},"36":{"start":{"line":69,"column":16},"end":{"line":69,"column":40}},"37":{"start":{"line":70,"column":2},"end":{"line":70,"column":18}},"38":{"start":{"line":73,"column":0},"end":{"line":73,"column":24}}},"fnMap":{"0":{"name":"parseJson","decl":{"start":{"line":19,"column":9},"end":{"line":19,"column":18}},"loc":{"start":{"line":19,"column":35},"end":{"line":28,"column":1}},"line":19},"1":{"name":"computeStats","decl":{"start":{"line":30,"column":9},"end":{"line":30,"column":21}},"loc":{"start":{"line":30,"column":29},"end":{"line":37,"column":1}},"line":30},"2":{"name":"(anonymous_2)","decl":{"start":{"line":35,"column":27},"end":{"line":35,"column":28}},"loc":{"start":{"line":35,"column":41},"end":{"line":35,"column":71}},"line":35},"3":{"name":"loadStatsIfStale","decl":{"start":{"line":39,"column":15},"end":{"line":39,"column":31}},"loc":{"start":{"line":39,"column":34},"end":{"line":59,"column":1}},"line":39},"4":{"name":"(anonymous_4)","decl":{"start":{"line":49,"column":26},"end":{"line":49,"column":27}},"loc":{"start":{"line":49,"column":38},"end":{"line":57,"column":3}},"line":49},"5":{"name":"asyncHandler","decl":{"start":{"line":61,"column":9},"end":{"line":61,"column":21}},"loc":{"start":{"line":61,"column":31},"end":{"line":65,"column":1}},"line":61},"6":{"name":"(anonymous_6)","decl":{"start":{"line":62,"column":9},"end":{"line":62,"column":10}},"loc":{"start":{"line":62,"column":29},"end":{"line":64,"column":3}},"line":62},"7":{"name":"(anonymous_7)","decl":{"start":{"line":68,"column":29},"end":{"line":68,"column":30}},"loc":{"start":{"line":68,"column":49},"end":{"line":71,"column":1}},"line":68}},"branchMap":{"0":{"loc":{"start":{"line":31,"column":16},"end":{"line":31,"column":55}},"type":"cond-expr","locations":[{"start":{"line":31,"column":39},"end":{"line":31,"column":51}},{"start":{"line":31,"column":54},"end":{"line":31,"column":55}}],"line":31},"1":{"loc":{"start":{"line":32,"column":2},"end":{"line":34,"column":3}},"type":"if","locations":[{"start":{"line":32,"column":2},"end":{"line":34,"column":3}},{"start":{},"end":{}}],"line":32},"2":{"loc":{"start":{"line":35,"column":48},"end":{"line":35,"column":70}},"type":"binary-expr","locations":[{"start":{"line":35,"column":48},"end":{"line":35,"column":65}},{"start":{"line":35,"column":69},"end":{"line":35,"column":70}}],"line":35},"3":{"loc":{"start":{"line":43,"column":2},"end":{"line":45,"column":3}},"type":"if","locations":[{"start":{"line":43,"column":2},"end":{"line":45,"column":3}},{"start":{},"end":{}}],"line":43},"4":{"loc":{"start":{"line":43,"column":6},"end":{"line":43,"column":62}},"type":"binary-expr","locations":[{"start":{"line":43,"column":6},"end":{"line":43,"column":22}},{"start":{"line":43,"column":26},"end":{"line":43,"column":62}}],"line":43},"5":{"loc":{"start":{"line":46,"column":2},"end":{"line":48,"column":3}},"type":"if","locations":[{"start":{"line":46,"column":2},"end":{"line":48,"column":3}},{"start":{},"end":{}}],"line":46}},"s":{"0":2,"1":2,"2":2,"3":2,"4":2,"5":2,"6":3,"7":3,"8":0,"9":0,"10":0,"11":0,"12":3,"13":3,"14":1,"15":2,"16":5,"17":2,"18":3,"19":3,"20":3,"21":0,"22":3,"23":0,"24":3,"25":3,"26":3,"27":3,"28":3,"29":3,"30":3,"31":3,"32":3,"33":2,"34":3,"35":2,"36":3,"37":3,"38":2},"f":{"0":3,"1":3,"2":5,"3":3,"4":3,"5":2,"6":3,"7":3},"b":{"0":[3,0],"1":[1,2],"2":[5,0],"3":[0,3],"4":[3,2],"5":[0,3]},"_coverageSchema":"1a1c01bbd47fc00a2c39e90264f33305004495a9","hash":"7f2412147d411752efc2b05e5105a333ee38387a"}
,"/Users/sergiut/Desktop/Websites/test-14/backend/src/utils/dataPath.js": {"path":"/Users/sergiut/Desktop/Websites/test-14/backend/src/utils/dataPath.js","statementMap":{"0":{"start":{"line":1,"column":13},"end":{"line":1,"column":28}},"1":{"start":{"line":5,"column":2},"end":{"line":5,"column":89}},"2":{"start":{"line":8,"column":0},"end":{"line":8,"column":33}}},"fnMap":{"0":{"name":"getDataPath","decl":{"start":{"line":4,"column":9},"end":{"line":4,"column":20}},"loc":{"start":{"line":4,"column":23},"end":{"line":6,"column":1}},"line":4}},"branchMap":{"0":{"loc":{"start":{"line":5,"column":9},"end":{"line":5,"column":88}},"type":"binary-expr","locations":[{"start":{"line":5,"column":9},"end":{"line":5,"column":36}},{"start":{"line":5,"column":40},"end":{"line":5,"column":88}}],"line":5}},"s":{"0":2,"1":12,"2":2},"f":{"0":12},"b":{"0":[12,0]},"_coverageSchema":"1a1c01bbd47fc00a2c39e90264f33305004495a9","hash":"e57456a0bc4ae31695f6650c2cf7e9e79b2334a7"}
}
