TN:
SF:src/app.js
FNF:0
FNH:0
DA:1,2
DA:2,2
DA:3,2
DA:4,2
DA:5,2
DA:9,2
DA:11,2
DA:12,2
DA:14,2
DA:16,2
DA:17,2
DA:19,2
LF:12
LH:12
BRF:0
BRH:0
end_of_record
TN:
SF:src/middleware/logger.js
FN:21,(anonymous_0)
FN:23,(anonymous_1)
FNF:2
FNH:2
FNDA:10,(anonymous_0)
FNDA:10,(anonymous_1)
DA:1,2
DA:2,2
DA:5,2
DA:18,2
DA:21,10
DA:24,10
DA:34,2
LF:7
LH:7
BRDA:6,0,0,2
BRDA:6,0,1,2
BRDA:6,1,0,0
BRDA:6,1,1,2
BRDA:7,2,0,0
BRDA:7,2,1,2
BRDA:21,3,0,10
BRDA:21,3,1,10
BRF:8
BRH:6
end_of_record
TN:
SF:src/routes/items.js
FN:21,parseJson
FN:36,loadItemsIntoCache
FN:50,(anonymous_2)
FN:55,(anonymous_3)
FN:72,persistCacheToDisk
FN:73,(anonymous_5)
FN:76,(anonymous_6)
FN:89,asyncHandler
FN:90,(anonymous_8)
FN:96,(anonymous_9)
FN:104,(anonymous_10)
FN:126,(anonymous_11)
FN:131,(anonymous_12)
FN:134,(anonymous_13)
FN:145,(anonymous_14)
FNF:15
FNH:15
FNDA:3,parseJson
FNDA:6,loadItemsIntoCache
FNDA:3,(anonymous_2)
FNDA:4,(anonymous_3)
FNDA:1,persistCacheToDisk
FNDA:1,(anonymous_5)
FNDA:1,(anonymous_6)
FNDA:6,asyncHandler
FNDA:7,(anonymous_8)
FNDA:3,(anonymous_9)
FNDA:3,(anonymous_10)
FNDA:7,(anonymous_11)
FNDA:2,(anonymous_12)
FNDA:2,(anonymous_13)
FNDA:2,(anonymous_14)
DA:1,2
DA:2,2
DA:3,2
DA:4,2
DA:5,2
DA:6,2
DA:11,2
DA:22,3
DA:23,3
DA:25,0
DA:26,0
DA:27,0
DA:28,0
DA:37,6
DA:39,6
DA:40,6
DA:41,6
DA:42,3
DA:47,3
DA:48,0
DA:50,3
DA:51,3
DA:52,3
DA:54,3
DA:55,4
DA:58,3
DA:59,3
DA:60,3
DA:61,3
DA:62,3
DA:63,3
DA:65,3
DA:73,1
DA:74,1
DA:76,1
DA:80,1
DA:81,1
DA:83,1
DA:90,6
DA:91,7
DA:96,2
DA:97,3
DA:98,3
DA:99,3
DA:101,3
DA:102,1
DA:104,3
DA:107,3
DA:108,3
DA:109,3
DA:110,3
DA:111,0
DA:112,0
DA:113,0
DA:116,3
DA:117,1
DA:118,1
DA:119,1
DA:122,3
DA:124,3
DA:126,7
DA:131,2
DA:132,2
DA:133,2
DA:134,2
DA:135,2
DA:136,1
DA:137,1
DA:138,1
DA:140,1
DA:141,1
DA:145,2
DA:147,2
DA:148,2
DA:149,1
DA:150,1
DA:151,1
DA:154,1
DA:155,1
DA:161,1
DA:162,1
DA:164,1
DA:165,1
DA:166,1
DA:169,2
LF:85
LH:77
BRDA:41,0,0,3
BRDA:41,0,1,3
BRDA:41,1,0,6
BRDA:41,1,1,5
BRDA:41,1,2,3
BRDA:47,2,0,0
BRDA:47,2,1,3
BRDA:54,3,0,3
BRDA:54,3,1,0
BRDA:55,4,0,4
BRDA:55,4,1,0
BRDA:76,5,0,1
BRDA:76,5,1,0
BRDA:80,6,0,1
BRDA:80,6,1,0
BRDA:101,7,0,1
BRDA:101,7,1,2
BRDA:110,8,0,0
BRDA:110,8,1,3
BRDA:112,9,0,0
BRDA:112,9,1,0
BRDA:112,10,0,0
BRDA:112,10,1,0
BRDA:116,11,0,1
BRDA:116,11,1,2
BRDA:118,12,0,1
BRDA:118,12,1,0
BRDA:118,13,0,1
BRDA:118,13,1,1
BRDA:135,14,0,1
BRDA:135,14,1,1
BRDA:147,15,0,2
BRDA:147,15,1,0
BRDA:148,16,0,1
BRDA:148,16,1,1
BRDA:148,17,0,2
BRDA:148,17,1,1
BRF:37
BRH:25
end_of_record
TN:
SF:src/routes/stats.js
FN:19,parseJson
FN:30,computeStats
FN:35,(anonymous_2)
FN:39,loadStatsIfStale
FN:49,(anonymous_4)
FN:61,asyncHandler
FN:62,(anonymous_6)
FN:68,(anonymous_7)
FNF:8
FNH:8
FNDA:3,parseJson
FNDA:3,computeStats
FNDA:5,(anonymous_2)
FNDA:3,loadStatsIfStale
FNDA:3,(anonymous_4)
FNDA:2,asyncHandler
FNDA:3,(anonymous_6)
FNDA:3,(anonymous_7)
DA:1,2
DA:2,2
DA:3,2
DA:4,2
DA:5,2
DA:13,2
DA:20,3
DA:21,3
DA:23,0
DA:24,0
DA:25,0
DA:26,0
DA:31,3
DA:32,3
DA:33,1
DA:35,5
DA:36,2
DA:40,3
DA:41,3
DA:43,3
DA:44,0
DA:46,3
DA:47,0
DA:49,3
DA:50,3
DA:51,3
DA:52,3
DA:53,3
DA:54,3
DA:55,3
DA:56,3
DA:58,3
DA:62,2
DA:63,3
DA:68,2
DA:69,3
DA:70,3
DA:73,2
LF:38
LH:32
BRDA:31,0,0,3
BRDA:31,0,1,0
BRDA:32,1,0,1
BRDA:32,1,1,2
BRDA:35,2,0,5
BRDA:35,2,1,0
BRDA:43,3,0,0
BRDA:43,3,1,3
BRDA:43,4,0,3
BRDA:43,4,1,2
BRDA:46,5,0,0
BRDA:46,5,1,3
BRF:12
BRH:8
end_of_record
TN:
SF:src/utils/dataPath.js
FN:4,getDataPath
FNF:1
FNH:1
FNDA:12,getDataPath
DA:1,2
DA:5,12
DA:8,2
LF:3
LH:3
BRDA:5,0,0,12
BRDA:5,0,1,0
BRF:2
BRH:1
end_of_record
